CG test_resynth arctic_a0009
CG test_resynth arctic_a0019
CG test_resynth arctic_a0029
CG test_resynth arctic_a0039
CG test_resynth arctic_a0049
CG test_resynth arctic_a0059
CG test_resynth arctic_a0069
CG test_resynth arctic_a0079
CG test_resynth arctic_a0089
CG test_resynth arctic_a0099
CG test_resynth arctic_a0109
CG test_resynth arctic_a0119
CG test_resynth arctic_a0129
CG test_resynth arctic_a0139
CG test_resynth arctic_a0149
CG test_resynth arctic_a0159
CG test_resynth arctic_a0169
CG test_resynth arctic_a0179
CG test_resynth arctic_a0189
CG test_resynth arctic_a0199
CG test_resynth arctic_a0209
CG test_resynth arctic_a0220
CG test_resynth arctic_a0230
CG test_resynth arctic_a0240
CG test_resynth arctic_a0250
CG test_resynth arctic_a0260
CG test_resynth arctic_a0270
CG test_resynth arctic_a0280
CG test_resynth arctic_a0290
CG test_resynth arctic_a0300
CG test_resynth arctic_a0310
CG test_resynth arctic_a0320
CG test_resynth arctic_a0330
CG test_resynth arctic_a0340
CG test_resynth arctic_a0350
CG test_resynth arctic_a0360
CG test_resynth arctic_a0370
CG test_resynth arctic_a0380
CG test_resynth arctic_a0390
CG test_resynth arctic_a0400
CG test_resynth arctic_a0410
CG test_resynth arctic_a0420
CG test_resynth arctic_a0430
CG test_resynth arctic_a0440
CG test_resynth arctic_a0450
CG test_resynth arctic_a0460
CG test_resynth arctic_a0470
CG test_resynth arctic_a0480
CG test_resynth arctic_a0490
CG test_resynth arctic_a0500
CG test_resynth arctic_a0510
CG test_resynth arctic_a0520
CG test_resynth arctic_a0530
CG test_resynth arctic_a0540
CG test_resynth arctic_a0550
CG test_resynth arctic_a0560
CG test_resynth arctic_a0570
CG test_resynth arctic_a0580
CG test_resynth arctic_a0590
CG test_resynth arctic_b0007
CG test_resynth arctic_b0017
CG test_resynth arctic_b0027
CG test_resynth arctic_b0037
CG test_resynth arctic_b0047
CG test_resynth arctic_b0057
CG test_resynth arctic_b0067
CG test_resynth arctic_b0077
CG test_resynth arctic_b0087
CG test_resynth arctic_b0097
CG test_resynth arctic_b0107
CG test_resynth arctic_b0117
CG test_resynth arctic_b0127
CG test_resynth arctic_b0137
CG test_resynth arctic_b0147
CG test_resynth arctic_b0157
CG test_resynth arctic_b0167
CG test_resynth arctic_b0177
CG test_resynth arctic_b0187
CG test_resynth arctic_b0197
CG test_resynth arctic_b0207
CG test_resynth arctic_b0217
CG test_resynth arctic_b0227
CG test_resynth arctic_b0237
CG test_resynth arctic_b0247
CG test_resynth arctic_b0257
CG test_resynth arctic_b0267
CG test_resynth arctic_b0277
CG test_resynth arctic_b0287
CG test_resynth arctic_b0297
all  mean 3.890587 std 202.636816 var 41061.679382 n 1587650
F0   mean 12.300562 std 15.351602 var 235.671687 n 63506
noF0 mean 0.164122 std 0.105378 var 0.011105 n 1524144
MCD  mean 4.578343 std 1.865030 var 3.478336 n 63506
